<?xml version="1.0" encoding="UTF-8"?>
<!-- Generated by org.testng.reporters.JUnitReportReporter -->
<testsuite hostname="Meesha" failures="0" tests="1" name="test.SearchPageTest" time="3.360" errors="0" timestamp="2022-05-30T16:46:34 IST" skipped="0">
  <testcase classname="test.SearchPageTest" name="firstNameSearch" time="3.360"/>
  <system-out/>
</testsuite> <!-- test.SearchPageTest -->
