<?xml version="1.0" encoding="UTF-8"?>
<!-- Generated by org.testng.reporters.JUnitReportReporter -->
<testsuite hostname="Meesha" failures="0" tests="2" name="test.SearchPageTest" time="5.529" errors="0" timestamp="2022-05-31T19:36:03 IST" skipped="0">
  <testcase classname="test.SearchPageTest" name="firstNameSearch2" time="3.285"/>
  <system-out/>
  <testcase classname="test.SearchPageTest" name="firstNameSearch" time="2.244"/>
  <system-out/>
</testsuite> <!-- test.SearchPageTest -->
