<?xml version="1.0" encoding="UTF-8"?>
<!-- Generated by org.testng.reporters.JUnitReportReporter -->
<testsuite hostname="Meesha" failures="0" tests="2" name="test.SearchPageTest" time="5.686" errors="0" timestamp="2022-06-01T14:10:04 IST" skipped="0">
  <testcase classname="test.SearchPageTest" name="firstNameSearch" time="3.408"/>
  <system-out/>
  <testcase classname="test.SearchPageTest" name="firstNameSearch2" time="2.278"/>
  <system-out/>
</testsuite> <!-- test.SearchPageTest -->
