<?xml version="1.0" encoding="UTF-8"?>
<!-- Generated by org.testng.reporters.JUnitReportReporter -->
<testsuite hostname="Meesha" failures="0" tests="1" name="test.SearchPageTest" time="3.955" errors="0" timestamp="2022-05-31T19:32:30 IST" skipped="0">
  <testcase classname="test.SearchPageTest" name="firstNameSearch" time="3.955"/>
  <system-out/>
</testsuite> <!-- test.SearchPageTest -->
